<?xml version="1.0" encoding="UTF-8"?>
<testsuite xmlns:xsi="http://www.w3.org/2001/XMLSchema-instance" xsi:noNamespaceSchemaLocation="https://maven.apache.org/surefire/maven-surefire-plugin/xsd/surefire-test-report-3.0.xsd" version="3.0" name="Clases.GestionSemaforosTest" time="0.174" tests="7" errors="0" skipped="0" failures="0">
  <properties>
[...]
</properties>
  <testcase name="tresDenunciasDiferentes" classname="Clases.GestionSemaforosTest" time="0.044">
    <system-out><![CDATA[Comienza la Clase Test.
Comienza la Prueba tresDenunciasDiferentes().
esta Denuncia ya existe en la base de datos.
Termino la prueba tresDenunciasDiferentes().
]]></system-out>
  </testcase>
  <testcase name="duplicadosTimeout" classname="Clases.GestionSemaforosTest" time="0.008">
    <system-out><![CDATA[Comienza la Prueba duplicadosTimeout().
Termino la prueba duplicadosTimeout().
]]></system-out>
  </testcase>
  <testcase name="prioridadValida(String)[1]" classname="Clases.GestionSemaforosTest" time="0.022">
    <system-out><![CDATA[Comienza la Prueba [1] Alta.
Termino la prueba [1] Alta.
]]></system-out>
  </testcase>
  <testcase name="prioridadValida(String)[2]" classname="Clases.GestionSemaforosTest" time="0.002">
    <system-out><![CDATA[Comienza la Prueba [2] Media.
Termino la prueba [2] Media.
]]></system-out>
  </testcase>
  <testcase name="prioridadValida(String)[3]" classname="Clases.GestionSemaforosTest" time="0.002">
    <system-out><![CDATA[Comienza la Prueba [3] Baja.
Termino la prueba [3] Baja.
]]></system-out>
  </testcase>
  <testcase name="finalizacionReparación" classname="Clases.GestionSemaforosTest" time="0.002">
    <system-out><![CDATA[Comienza la Prueba finalizacionReparación().
Funciono. (En finalizacionReparacion)
Termino la prueba finalizacionReparación().
]]></system-out>
  </testcase>
  <testcase name="TresExactosSemaforosYLuz" classname="Clases.GestionSemaforosTest" time="0.002">
    <system-out><![CDATA[Comienza la Prueba TresExactosSemaforosYLuz().
Termino la prueba TresExactosSemaforosYLuz().
]]></system-out>
  </testcase>
</testsuite>