<?xml version="1.0" encoding="UTF-8"?>
<testsuite xmlns:xsi="http://www.w3.org/2001/XMLSchema-instance" xsi:noNamespaceSchemaLocation="https://maven.apache.org/surefire/maven-surefire-plugin/xsd/surefire-test-report-3.0.xsd" version="3.0" name="Clases.CuentaTest" time="0.232" tests="8" errors="1" skipped="0" failures="2">
  <properties>
[...]
</properties>
  <testcase name="testDepositarDinero" classname="Clases.CuentaTest" time="0.036">
    <system-out><![CDATA[Fecha de transacción → 2026-06-13
Nombre Metodo: testDepositarDinero()
Saldo restante: 2200.0
]]></system-out>
  </testcase>
  <testcase name="testOperacionTildada1" classname="Clases.CuentaTest" time="0.049">
    <system-out><![CDATA[Nombre Metodo: testOperacionTildada1()
el tiempo operacion es Coherente.
Saldo restante: 2000.0
]]></system-out>
  </testcase>
  <testcase name="testOperacionTildada2" classname="Clases.CuentaTest" time="0.07">
    <error message="testOperacionTildada2() timed out after 60 milliseconds" type="java.util.concurrent.TimeoutException"><![CDATA[java.util.concurrent.TimeoutException: testOperacionTildada2() timed out after 60 milliseconds
	at java.base/java.util.ArrayList.forEach(ArrayList.java:1596)
	at java.base/java.util.ArrayList.forEach(ArrayList.java:1596)
]]></error>
    <system-out><![CDATA[Nombre Metodo: testOperacionTildada2()
Tiempo de espera excedido....!! 100milisegundos.
Saldo restante: 2000.0
]]></system-out>
  </testcase>
  <testcase name="testTransferirCuentaNoNula" classname="Clases.CuentaTest" time="0.003">
    <system-out><![CDATA[Nombre Metodo: testTransferirCuentaNoNula()
Saldo restante: 1400.0
]]></system-out>
  </testcase>
  <testcase name="testCuentasDiferentes" classname="Clases.CuentaTest" time="0.006">
    <failure message="SON la MISMA cuenta!! origen y destino expected not same" type="java.lang.AssertionError"><![CDATA[java.lang.AssertionError: SON la MISMA cuenta!! origen y destino expected not same
	at org.junit.Assert.fail(Assert.java:89)
	at org.junit.Assert.failSame(Assert.java:820)
	at org.junit.Assert.assertNotSame(Assert.java:799)
	at Clases.CuentaTest.testCuentasDiferentes(CuentaTest.java:62)
	at java.base/java.lang.reflect.Method.invoke(Method.java:580)
	at java.base/java.util.ArrayList.forEach(ArrayList.java:1596)
	at java.base/java.util.ArrayList.forEach(ArrayList.java:1596)
]]></failure>
    <system-out><![CDATA[Nombre Metodo: testCuentasDiferentes()
Saldo restante: 2000.0
]]></system-out>
  </testcase>
  <testcase name="testRetirarExito" classname="Clases.CuentaTest" time="0.002">
    <system-out><![CDATA[Nombre Metodo: testRetirarExito()
Saldo restante: 1000.0
]]></system-out>
  </testcase>
  <testcase name="testRetirarFallo" classname="Clases.CuentaTest" time="0.002">
    <system-out><![CDATA[Nombre Metodo: testRetirarFallo()
Saldo restante: 2000.0
]]></system-out>
  </testcase>
  <testcase name="testCuentasIguales" classname="Clases.CuentaTest" time="0.004">
    <failure message="Las cuentas son diferentes--- expected same:&lt;Clases.Cuenta@5f8edcc5&gt; was not:&lt;Clases.Cuenta@7b02881e&gt;" type="java.lang.AssertionError"><![CDATA[java.lang.AssertionError: Las cuentas son diferentes--- expected same:<Clases.Cuenta@5f8edcc5> was not:<Clases.Cuenta@7b02881e>
	at org.junit.Assert.fail(Assert.java:89)
	at org.junit.Assert.failNotSame(Assert.java:829)
	at org.junit.Assert.assertSame(Assert.java:772)
	at Clases.CuentaTest.testCuentasIguales(CuentaTest.java:67)
	at java.base/java.lang.reflect.Method.invoke(Method.java:580)
	at java.base/java.util.ArrayList.forEach(ArrayList.java:1596)
	at java.base/java.util.ArrayList.forEach(ArrayList.java:1596)
]]></failure>
    <system-out><![CDATA[Nombre Metodo: testCuentasIguales()
Saldo restante: 2000.0
]]></system-out>
  </testcase>
</testsuite>